<?xml version="1.0" encoding="UTF-8"?>
<coverage generated="1715026975162" clover="3.2.0">
  <project timestamp="1715026975162" name="All files">
    <metrics statements="35" coveredstatements="30" conditionals="22" coveredconditionals="13" methods="21" coveredmethods="16" elements="78" coveredelements="59" complexity="0" loc="35" ncloc="35" packages="2" files="5" classes="5"/>
    <package name="components">
      <metrics statements="13" coveredstatements="10" conditionals="16" coveredconditionals="9" methods="10" coveredmethods="7"/>
      <file name="Headers.jsx" path="C:\Users\asus\OneDrive\Documents\programacionweb2024\frontend\agendaTel\src\components\Headers.jsx">
        <metrics statements="10" coveredstatements="7" conditionals="16" coveredconditionals="9" methods="8" coveredmethods="5"/>
        <line num="6" count="1" type="stmt"/>
        <line num="14" count="48" type="stmt"/>
        <line num="17" count="1" type="stmt"/>
        <line num="18" count="4" type="stmt"/>
        <line num="21" count="6" type="stmt"/>
        <line num="47" count="24" type="stmt"/>
        <line num="97" count="0" type="stmt"/>
        <line num="107" count="0" type="stmt"/>
        <line num="117" count="0" type="stmt"/>
        <line num="135" count="24" type="stmt"/>
      </file>
      <file name="ListRegistros.jsx" path="C:\Users\asus\OneDrive\Documents\programacionweb2024\frontend\agendaTel\src\components\ListRegistros.jsx">
        <metrics statements="3" coveredstatements="3" conditionals="0" coveredconditionals="0" methods="2" coveredmethods="2"/>
        <line num="3" count="1" type="stmt"/>
        <line num="4" count="4" type="stmt"/>
        <line num="11" count="2" type="stmt"/>
      </file>
    </package>
    <package name="pages">
      <metrics statements="22" coveredstatements="20" conditionals="6" coveredconditionals="4" methods="11" coveredmethods="9"/>
      <file name="Home.jsx" path="C:\Users\asus\OneDrive\Documents\programacionweb2024\frontend\agendaTel\src\pages\Home.jsx">
        <metrics statements="10" coveredstatements="8" conditionals="2" coveredconditionals="0" methods="6" coveredmethods="4"/>
        <line num="7" count="1" type="stmt"/>
        <line num="8" count="4" type="stmt"/>
        <line num="10" count="4" type="stmt"/>
        <line num="11" count="2" type="stmt"/>
        <line num="13" count="2" type="stmt"/>
        <line num="16" count="0" type="stmt"/>
        <line num="20" count="4" type="stmt"/>
        <line num="21" count="2" type="stmt"/>
        <line num="24" count="4" type="stmt"/>
        <line num="37" count="0" type="cond" truecount="0" falsecount="2"/>
      </file>
      <file name="Login.jsx" path="C:\Users\asus\OneDrive\Documents\programacionweb2024\frontend\agendaTel\src\pages\Login.jsx">
        <metrics statements="10" coveredstatements="10" conditionals="4" coveredconditionals="4" methods="4" coveredmethods="4"/>
        <line num="4" count="1" type="stmt"/>
        <line num="5" count="10" type="stmt"/>
        <line num="6" count="10" type="stmt"/>
        <line num="7" count="10" type="stmt"/>
        <line num="9" count="10" type="stmt"/>
        <line num="10" count="2" type="cond" truecount="4" falsecount="0"/>
        <line num="11" count="1" type="stmt"/>
        <line num="15" count="10" type="stmt"/>
        <line num="29" count="3" type="stmt"/>
        <line num="44" count="3" type="stmt"/>
      </file>
      <file name="Pruebas.jsx" path="C:\Users\asus\OneDrive\Documents\programacionweb2024\frontend\agendaTel\src\pages\Pruebas.jsx">
        <metrics statements="2" coveredstatements="2" conditionals="0" coveredconditionals="0" methods="1" coveredmethods="1"/>
        <line num="3" count="1" type="stmt"/>
        <line num="4" count="1" type="stmt"/>
      </file>
    </package>
  </project>
</coverage>
