{"D:\\Unac\\Programacionweb01-2024\\frontend\\agendaTel\\src\\components\\Headers.jsx": {"path":"D:\\Unac\\Programacionweb01-2024\\frontend\\agendaTel\\src\\components\\Headers.jsx","statementMap":{"0":{"start":{"line":6,"column":19},"end":{"line":11,"column":1}},"1":{"start":{"line":14,"column":4},"end":{"line":14,"column":44}},"2":{"start":{"line":17,"column":23},"end":{"line":154,"column":1}},"3":{"start":{"line":18,"column":4},"end":{"line":153,"column":5}},"4":{"start":{"line":21,"column":16},"end":{"line":150,"column":19}},"5":{"start":{"line":47,"column":44},"end":{"line":57,"column":48}},"6":{"start":{"line":97,"column":52},"end":{"line":102,"column":56}},"7":{"start":{"line":107,"column":52},"end":{"line":112,"column":56}},"8":{"start":{"line":117,"column":52},"end":{"line":122,"column":56}},"9":{"start":{"line":135,"column":32},"end":{"line":146,"column":52}}},"fnMap":{"0":{"name":"classNames","decl":{"start":{"line":13,"column":9},"end":{"line":13,"column":19}},"loc":{"start":{"line":13,"column":32},"end":{"line":15,"column":1}},"line":13},"1":{"name":"(anonymous_1)","decl":{"start":{"line":17,"column":23},"end":{"line":17,"column":24}},"loc":{"start":{"line":17,"column":29},"end":{"line":154,"column":1}},"line":17},"2":{"name":"(anonymous_2)","decl":{"start":{"line":20,"column":13},"end":{"line":20,"column":14}},"loc":{"start":{"line":21,"column":16},"end":{"line":150,"column":19}},"line":21},"3":{"name":"(anonymous_3)","decl":{"start":{"line":46,"column":56},"end":{"line":46,"column":57}},"loc":{"start":{"line":47,"column":44},"end":{"line":57,"column":48}},"line":47},"4":{"name":"(anonymous_4)","decl":{"start":{"line":96,"column":49},"end":{"line":96,"column":50}},"loc":{"start":{"line":97,"column":52},"end":{"line":102,"column":56}},"line":97},"5":{"name":"(anonymous_5)","decl":{"start":{"line":106,"column":49},"end":{"line":106,"column":50}},"loc":{"start":{"line":107,"column":52},"end":{"line":112,"column":56}},"line":107},"6":{"name":"(anonymous_6)","decl":{"start":{"line":116,"column":49},"end":{"line":116,"column":50}},"loc":{"start":{"line":117,"column":52},"end":{"line":122,"column":56}},"line":117},"7":{"name":"(anonymous_7)","decl":{"start":{"line":134,"column":44},"end":{"line":134,"column":45}},"loc":{"start":{"line":135,"column":32},"end":{"line":146,"column":52}},"line":135}},"branchMap":{"0":{"loc":{"start":{"line":29,"column":37},"end":{"line":33,"column":37}},"type":"cond-expr","locations":[{"start":{"line":30,"column":40},"end":{"line":30,"column":98}},{"start":{"line":32,"column":40},"end":{"line":32,"column":98}}],"line":29},"1":{"loc":{"start":{"line":51,"column":52},"end":{"line":51,"column":144}},"type":"cond-expr","locations":[{"start":{"line":51,"column":67},"end":{"line":51,"column":91}},{"start":{"line":51,"column":94},"end":{"line":51,"column":144}}],"line":51},"2":{"loc":{"start":{"line":54,"column":62},"end":{"line":54,"column":95}},"type":"cond-expr","locations":[{"start":{"line":54,"column":77},"end":{"line":54,"column":83}},{"start":{"line":54,"column":86},"end":{"line":54,"column":95}}],"line":54},"3":{"loc":{"start":{"line":99,"column":78},"end":{"line":99,"column":105}},"type":"cond-expr","locations":[{"start":{"line":99,"column":87},"end":{"line":99,"column":100}},{"start":{"line":99,"column":103},"end":{"line":99,"column":105}}],"line":99},"4":{"loc":{"start":{"line":109,"column":78},"end":{"line":109,"column":105}},"type":"cond-expr","locations":[{"start":{"line":109,"column":87},"end":{"line":109,"column":100}},{"start":{"line":109,"column":103},"end":{"line":109,"column":105}}],"line":109},"5":{"loc":{"start":{"line":119,"column":78},"end":{"line":119,"column":105}},"type":"cond-expr","locations":[{"start":{"line":119,"column":87},"end":{"line":119,"column":100}},{"start":{"line":119,"column":103},"end":{"line":119,"column":105}}],"line":119},"6":{"loc":{"start":{"line":140,"column":40},"end":{"line":140,"column":132}},"type":"cond-expr","locations":[{"start":{"line":140,"column":55},"end":{"line":140,"column":79}},{"start":{"line":140,"column":82},"end":{"line":140,"column":132}}],"line":140},"7":{"loc":{"start":{"line":143,"column":50},"end":{"line":143,"column":83}},"type":"cond-expr","locations":[{"start":{"line":143,"column":65},"end":{"line":143,"column":71}},{"start":{"line":143,"column":74},"end":{"line":143,"column":83}}],"line":143}},"s":{"0":1,"1":48,"2":1,"3":4,"4":6,"5":24,"6":0,"7":0,"8":0,"9":24},"f":{"0":48,"1":4,"2":6,"3":24,"4":0,"5":0,"6":0,"7":24},"b":{"0":[0,6],"1":[6,18],"2":[6,18],"3":[0,0],"4":[0,0],"5":[0,0],"6":[6,18],"7":[6,18]},"_coverageSchema":"1a1c01bbd47fc00a2c39e90264f33305004495a9","hash":"e059daa176d056ba311e4fc53ec85b83f80e24ec"}
,"D:\\Unac\\Programacionweb01-2024\\frontend\\agendaTel\\src\\components\\ListRegistros.jsx": {"path":"D:\\Unac\\Programacionweb01-2024\\frontend\\agendaTel\\src\\components\\ListRegistros.jsx","statementMap":{"0":{"start":{"line":3,"column":29},"end":{"line":26,"column":1}},"1":{"start":{"line":4,"column":4},"end":{"line":25,"column":5}},"2":{"start":{"line":11,"column":24},"end":{"line":20,"column":28}}},"fnMap":{"0":{"name":"(anonymous_0)","decl":{"start":{"line":3,"column":29},"end":{"line":3,"column":30}},"loc":{"start":{"line":3,"column":46},"end":{"line":26,"column":1}},"line":3},"1":{"name":"(anonymous_1)","decl":{"start":{"line":10,"column":33},"end":{"line":10,"column":34}},"loc":{"start":{"line":11,"column":24},"end":{"line":20,"column":28}},"line":11}},"branchMap":{},"s":{"0":1,"1":4,"2":2},"f":{"0":4,"1":2},"b":{},"_coverageSchema":"1a1c01bbd47fc00a2c39e90264f33305004495a9","hash":"21e605648a713caf88ca92bed3e8b85062ae1050"}
,"D:\\Unac\\Programacionweb01-2024\\frontend\\agendaTel\\src\\pages\\Home.jsx": {"path":"D:\\Unac\\Programacionweb01-2024\\frontend\\agendaTel\\src\\pages\\Home.jsx","statementMap":{"0":{"start":{"line":7,"column":20},"end":{"line":30,"column":1}},"1":{"start":{"line":8,"column":36},"end":{"line":8,"column":48}},"2":{"start":{"line":10,"column":24},"end":{"line":18,"column":5}},"3":{"start":{"line":11,"column":8},"end":{"line":17,"column":14}},"4":{"start":{"line":13,"column":16},"end":{"line":13,"column":38}},"5":{"start":{"line":16,"column":16},"end":{"line":16,"column":41}},"6":{"start":{"line":20,"column":4},"end":{"line":22,"column":10}},"7":{"start":{"line":21,"column":8},"end":{"line":21,"column":22}},"8":{"start":{"line":24,"column":4},"end":{"line":29,"column":5}}},"fnMap":{"0":{"name":"(anonymous_0)","decl":{"start":{"line":7,"column":20},"end":{"line":7,"column":21}},"loc":{"start":{"line":7,"column":26},"end":{"line":30,"column":1}},"line":7},"1":{"name":"(anonymous_1)","decl":{"start":{"line":10,"column":24},"end":{"line":10,"column":25}},"loc":{"start":{"line":10,"column":30},"end":{"line":18,"column":5}},"line":10},"2":{"name":"(anonymous_2)","decl":{"start":{"line":12,"column":18},"end":{"line":12,"column":19}},"loc":{"start":{"line":12,"column":28},"end":{"line":14,"column":13}},"line":12},"3":{"name":"(anonymous_3)","decl":{"start":{"line":15,"column":19},"end":{"line":15,"column":20}},"loc":{"start":{"line":15,"column":28},"end":{"line":17,"column":13}},"line":15},"4":{"name":"(anonymous_4)","decl":{"start":{"line":20,"column":14},"end":{"line":20,"column":15}},"loc":{"start":{"line":20,"column":20},"end":{"line":22,"column":5}},"line":20}},"branchMap":{},"s":{"0":1,"1":4,"2":4,"3":2,"4":2,"5":0,"6":4,"7":2,"8":4},"f":{"0":4,"1":2,"2":2,"3":0,"4":2},"b":{},"_coverageSchema":"1a1c01bbd47fc00a2c39e90264f33305004495a9","hash":"235f0ebaadd6e5a0457085a8522dca721a4c1b8b"}
,"D:\\Unac\\Programacionweb01-2024\\frontend\\agendaTel\\src\\pages\\Login.jsx": {"path":"D:\\Unac\\Programacionweb01-2024\\frontend\\agendaTel\\src\\pages\\Login.jsx","statementMap":{"0":{"start":{"line":4,"column":21},"end":{"line":57,"column":1}},"1":{"start":{"line":5,"column":21},"end":{"line":5,"column":34}},"2":{"start":{"line":6,"column":30},"end":{"line":6,"column":42}},"3":{"start":{"line":7,"column":36},"end":{"line":7,"column":48}},"4":{"start":{"line":9,"column":29},"end":{"line":14,"column":5}},"5":{"start":{"line":10,"column":8},"end":{"line":12,"column":9}},"6":{"start":{"line":11,"column":12},"end":{"line":11,"column":29}},"7":{"start":{"line":15,"column":4},"end":{"line":56,"column":5}},"8":{"start":{"line":29,"column":49},"end":{"line":29,"column":73}},"9":{"start":{"line":44,"column":49},"end":{"line":44,"column":76}}},"fnMap":{"0":{"name":"(anonymous_0)","decl":{"start":{"line":4,"column":21},"end":{"line":4,"column":22}},"loc":{"start":{"line":4,"column":27},"end":{"line":57,"column":1}},"line":4},"1":{"name":"(anonymous_1)","decl":{"start":{"line":9,"column":29},"end":{"line":9,"column":30}},"loc":{"start":{"line":9,"column":35},"end":{"line":14,"column":5}},"line":9},"2":{"name":"(anonymous_2)","decl":{"start":{"line":29,"column":42},"end":{"line":29,"column":43}},"loc":{"start":{"line":29,"column":49},"end":{"line":29,"column":73}},"line":29},"3":{"name":"(anonymous_3)","decl":{"start":{"line":44,"column":42},"end":{"line":44,"column":43}},"loc":{"start":{"line":44,"column":49},"end":{"line":44,"column":76}},"line":44}},"branchMap":{"0":{"loc":{"start":{"line":10,"column":8},"end":{"line":12,"column":9}},"type":"if","locations":[{"start":{"line":10,"column":8},"end":{"line":12,"column":9}},{"start":{},"end":{}}],"line":10},"1":{"loc":{"start":{"line":10,"column":12},"end":{"line":10,"column":57}},"type":"binary-expr","locations":[{"start":{"line":10,"column":12},"end":{"line":10,"column":36}},{"start":{"line":10,"column":40},"end":{"line":10,"column":57}}],"line":10}},"s":{"0":1,"1":10,"2":10,"3":10,"4":10,"5":2,"6":1,"7":10,"8":3,"9":3},"f":{"0":10,"1":2,"2":3,"3":3},"b":{"0":[1,1],"1":[2,1]},"_coverageSchema":"1a1c01bbd47fc00a2c39e90264f33305004495a9","hash":"7366c4397712848f0f8b7d3393266b7d9d15810e"}
,"D:\\Unac\\Programacionweb01-2024\\frontend\\agendaTel\\src\\pages\\Pruebas.jsx": {"path":"D:\\Unac\\Programacionweb01-2024\\frontend\\agendaTel\\src\\pages\\Pruebas.jsx","statementMap":{"0":{"start":{"line":3,"column":23},"end":{"line":7,"column":1}},"1":{"start":{"line":4,"column":4},"end":{"line":6,"column":5}}},"fnMap":{"0":{"name":"(anonymous_0)","decl":{"start":{"line":3,"column":23},"end":{"line":3,"column":24}},"loc":{"start":{"line":3,"column":29},"end":{"line":7,"column":1}},"line":3}},"branchMap":{},"s":{"0":1,"1":1},"f":{"0":1},"b":{},"_coverageSchema":"1a1c01bbd47fc00a2c39e90264f33305004495a9","hash":"562a02496e98ff7d10c144d1ded61a069fa8d3b7"}
}
