TN:
SF:src\components\Headers.jsx
FN:13,classNames
FN:17,(anonymous_1)
FN:20,(anonymous_2)
FN:46,(anonymous_3)
FN:96,(anonymous_4)
FN:106,(anonymous_5)
FN:116,(anonymous_6)
FN:134,(anonymous_7)
FNF:8
FNH:5
FNDA:48,classNames
FNDA:4,(anonymous_1)
FNDA:6,(anonymous_2)
FNDA:24,(anonymous_3)
FNDA:0,(anonymous_4)
FNDA:0,(anonymous_5)
FNDA:0,(anonymous_6)
FNDA:24,(anonymous_7)
DA:6,1
DA:14,48
DA:17,1
DA:18,4
DA:21,6
DA:47,24
DA:97,0
DA:107,0
DA:117,0
DA:135,24
LF:10
LH:7
BRDA:29,0,0,0
BRDA:29,0,1,6
BRDA:51,1,0,6
BRDA:51,1,1,18
BRDA:54,2,0,6
BRDA:54,2,1,18
BRDA:99,3,0,0
BRDA:99,3,1,0
BRDA:109,4,0,0
BRDA:109,4,1,0
BRDA:119,5,0,0
BRDA:119,5,1,0
BRDA:140,6,0,6
BRDA:140,6,1,18
BRDA:143,7,0,6
BRDA:143,7,1,18
BRF:16
BRH:9
end_of_record
TN:
SF:src\components\ListRegistros.jsx
FN:3,(anonymous_0)
FN:10,(anonymous_1)
FNF:2
FNH:2
FNDA:4,(anonymous_0)
FNDA:2,(anonymous_1)
DA:3,1
DA:4,4
DA:11,2
LF:3
LH:3
BRF:0
BRH:0
end_of_record
TN:
SF:src\pages\Home.jsx
FN:7,(anonymous_0)
FN:10,(anonymous_1)
FN:12,(anonymous_2)
FN:15,(anonymous_3)
FN:20,(anonymous_4)
FNF:5
FNH:4
FNDA:4,(anonymous_0)
FNDA:2,(anonymous_1)
FNDA:2,(anonymous_2)
FNDA:0,(anonymous_3)
FNDA:2,(anonymous_4)
DA:7,1
DA:8,4
DA:10,4
DA:11,2
DA:13,2
DA:16,0
DA:20,4
DA:21,2
DA:24,4
LF:9
LH:8
BRF:0
BRH:0
end_of_record
TN:
SF:src\pages\Login.jsx
FN:4,(anonymous_0)
FN:9,(anonymous_1)
FN:29,(anonymous_2)
FN:44,(anonymous_3)
FNF:4
FNH:4
FNDA:10,(anonymous_0)
FNDA:2,(anonymous_1)
FNDA:3,(anonymous_2)
FNDA:3,(anonymous_3)
DA:4,1
DA:5,10
DA:6,10
DA:7,10
DA:9,10
DA:10,2
DA:11,1
DA:15,10
DA:29,3
DA:44,3
LF:10
LH:10
BRDA:10,0,0,1
BRDA:10,0,1,1
BRDA:10,1,0,2
BRDA:10,1,1,1
BRF:4
BRH:4
end_of_record
TN:
SF:src\pages\Pruebas.jsx
FN:3,(anonymous_0)
FNF:1
FNH:1
FNDA:1,(anonymous_0)
DA:3,1
DA:4,1
LF:2
LH:2
BRF:0
BRH:0
end_of_record
